[error] Failed to fetch Firebase Project from Studio Workspace because WORKSPACE_SLUG environment variable is empty
[error] Failed to fetch Firebase Project from Studio Workspace because WORKSPACE_SLUG environment variable is empty
[debug] [2025-10-06T01:21:39.268Z] Checked if tokens are valid: false, expires at: 1759708510299
[debug] [2025-10-06T01:21:39.269Z] Checked if tokens are valid: false, expires at: 1759708510299
[debug] [2025-10-06T01:21:39.270Z] > refreshing access token with scopes: []
[debug] [2025-10-06T01:21:39.276Z] >>> [apiv2][query] POST https://www.googleapis.com/oauth2/v3/token [none]
[debug] [2025-10-06T01:21:39.277Z] >>> [apiv2][body] POST https://www.googleapis.com/oauth2/v3/token [omitted]
[debug] [2025-10-06T01:21:39.358Z] Checked if tokens are valid: false, expires at: 1759708510299
[debug] [2025-10-06T01:21:39.359Z] Checked if tokens are valid: false, expires at: 1759708510299
[debug] [2025-10-06T01:21:39.360Z] > refreshing access token with scopes: []
[debug] [2025-10-06T01:21:39.360Z] >>> [apiv2][query] POST https://www.googleapis.com/oauth2/v3/token [none]
[debug] [2025-10-06T01:21:39.361Z] >>> [apiv2][body] POST https://www.googleapis.com/oauth2/v3/token [omitted]
[debug] [2025-10-06T01:21:39.365Z] Checked if tokens are valid: false, expires at: 1759708510299
[debug] [2025-10-06T01:21:39.366Z] Checked if tokens are valid: false, expires at: 1759708510299
[debug] [2025-10-06T01:21:39.366Z] > refreshing access token with scopes: []
[debug] [2025-10-06T01:21:39.368Z] >>> [apiv2][query] POST https://www.googleapis.com/oauth2/v3/token [none]
[debug] [2025-10-06T01:21:39.368Z] >>> [apiv2][body] POST https://www.googleapis.com/oauth2/v3/token [omitted]
[debug] [2025-10-06T01:21:39.371Z] Checked if tokens are valid: false, expires at: 1759708510299
[debug] [2025-10-06T01:21:39.371Z] Checked if tokens are valid: false, expires at: 1759708510299
[debug] [2025-10-06T01:21:39.372Z] > refreshing access token with scopes: []
[debug] [2025-10-06T01:21:39.372Z] >>> [apiv2][query] POST https://www.googleapis.com/oauth2/v3/token [none]
[debug] [2025-10-06T01:21:39.372Z] >>> [apiv2][body] POST https://www.googleapis.com/oauth2/v3/token [omitted]
[debug] [2025-10-06T01:21:39.376Z] Checked if tokens are valid: false, expires at: 1759708510299
[debug] [2025-10-06T01:21:39.376Z] Checked if tokens are valid: false, expires at: 1759708510299
[debug] [2025-10-06T01:21:39.376Z] > refreshing access token with scopes: []
[debug] [2025-10-06T01:21:39.377Z] >>> [apiv2][query] POST https://www.googleapis.com/oauth2/v3/token [none]
[debug] [2025-10-06T01:21:39.377Z] >>> [apiv2][body] POST https://www.googleapis.com/oauth2/v3/token [omitted]
[debug] [2025-10-06T01:21:39.380Z] Checked if tokens are valid: false, expires at: 1759708510299
[debug] [2025-10-06T01:21:39.380Z] Checked if tokens are valid: false, expires at: 1759708510299
[debug] [2025-10-06T01:21:39.380Z] > refreshing access token with scopes: []
[debug] [2025-10-06T01:21:39.380Z] >>> [apiv2][query] POST https://www.googleapis.com/oauth2/v3/token [none]
[debug] [2025-10-06T01:21:39.380Z] >>> [apiv2][body] POST https://www.googleapis.com/oauth2/v3/token [omitted]
[debug] [2025-10-06T01:21:39.384Z] Checked if tokens are valid: false, expires at: 1759708510299
[debug] [2025-10-06T01:21:39.384Z] Checked if tokens are valid: false, expires at: 1759708510299
[debug] [2025-10-06T01:21:39.385Z] > refreshing access token with scopes: []
[debug] [2025-10-06T01:21:39.385Z] >>> [apiv2][query] POST https://www.googleapis.com/oauth2/v3/token [none]
[debug] [2025-10-06T01:21:39.385Z] >>> [apiv2][body] POST https://www.googleapis.com/oauth2/v3/token [omitted]
[error] Failed to fetch Firebase Project from Studio Workspace because WORKSPACE_SLUG environment variable is empty
[error] Failed to fetch Firebase Project from Studio Workspace because WORKSPACE_SLUG environment variable is empty
[debug] [2025-10-06T01:21:39.520Z] Checked if tokens are valid: false, expires at: 1759708510299
[debug] [2025-10-06T01:21:39.520Z] Checked if tokens are valid: false, expires at: 1759708510299
[debug] [2025-10-06T01:21:39.520Z] > refreshing access token with scopes: []
[debug] [2025-10-06T01:21:39.521Z] >>> [apiv2][query] POST https://www.googleapis.com/oauth2/v3/token [none]
[debug] [2025-10-06T01:21:39.521Z] >>> [apiv2][body] POST https://www.googleapis.com/oauth2/v3/token [omitted]
[debug] [2025-10-06T01:21:39.526Z] Checked if tokens are valid: false, expires at: 1759708510299
[debug] [2025-10-06T01:21:39.526Z] Checked if tokens are valid: false, expires at: 1759708510299
[debug] [2025-10-06T01:21:39.526Z] > refreshing access token with scopes: []
[debug] [2025-10-06T01:21:39.527Z] >>> [apiv2][query] POST https://www.googleapis.com/oauth2/v3/token [none]
[debug] [2025-10-06T01:21:39.527Z] >>> [apiv2][body] POST https://www.googleapis.com/oauth2/v3/token [omitted]
[debug] [2025-10-06T01:21:39.530Z] Checked if tokens are valid: false, expires at: 1759708510299
[debug] [2025-10-06T01:21:39.530Z] Checked if tokens are valid: false, expires at: 1759708510299
[debug] [2025-10-06T01:21:39.530Z] > refreshing access token with scopes: []
[debug] [2025-10-06T01:21:39.531Z] >>> [apiv2][query] POST https://www.googleapis.com/oauth2/v3/token [none]
[debug] [2025-10-06T01:21:39.531Z] >>> [apiv2][body] POST https://www.googleapis.com/oauth2/v3/token [omitted]
[debug] [2025-10-06T01:21:39.537Z] Checked if tokens are valid: false, expires at: 1759708510299
[debug] [2025-10-06T01:21:39.537Z] Checked if tokens are valid: false, expires at: 1759708510299
[debug] [2025-10-06T01:21:39.537Z] > refreshing access token with scopes: []
[debug] [2025-10-06T01:21:39.538Z] >>> [apiv2][query] POST https://www.googleapis.com/oauth2/v3/token [none]
[debug] [2025-10-06T01:21:39.538Z] >>> [apiv2][body] POST https://www.googleapis.com/oauth2/v3/token [omitted]
[debug] [2025-10-06T01:21:39.541Z] Checked if tokens are valid: false, expires at: 1759708510299
[debug] [2025-10-06T01:21:39.541Z] Checked if tokens are valid: false, expires at: 1759708510299
[debug] [2025-10-06T01:21:39.542Z] > refreshing access token with scopes: []
[debug] [2025-10-06T01:21:39.542Z] >>> [apiv2][query] POST https://www.googleapis.com/oauth2/v3/token [none]
[debug] [2025-10-06T01:21:39.543Z] >>> [apiv2][body] POST https://www.googleapis.com/oauth2/v3/token [omitted]
[debug] [2025-10-06T01:21:39.546Z] Checked if tokens are valid: false, expires at: 1759708510299
[debug] [2025-10-06T01:21:39.546Z] Checked if tokens are valid: false, expires at: 1759708510299
[debug] [2025-10-06T01:21:39.546Z] > refreshing access token with scopes: []
[debug] [2025-10-06T01:21:39.546Z] >>> [apiv2][query] POST https://www.googleapis.com/oauth2/v3/token [none]
[debug] [2025-10-06T01:21:39.546Z] >>> [apiv2][body] POST https://www.googleapis.com/oauth2/v3/token [omitted]
[debug] [2025-10-06T01:21:39.551Z] Checked if tokens are valid: false, expires at: 1759708510299
[debug] [2025-10-06T01:21:39.551Z] Checked if tokens are valid: false, expires at: 1759708510299
[debug] [2025-10-06T01:21:39.551Z] > refreshing access token with scopes: []
[debug] [2025-10-06T01:21:39.552Z] >>> [apiv2][query] POST https://www.googleapis.com/oauth2/v3/token [none]
[debug] [2025-10-06T01:21:39.552Z] >>> [apiv2][body] POST https://www.googleapis.com/oauth2/v3/token [omitted]
[debug] [2025-10-06T01:21:39.626Z] <<< [apiv2][status] POST https://www.googleapis.com/oauth2/v3/token 200
[debug] [2025-10-06T01:21:39.626Z] <<< [apiv2][body] POST https://www.googleapis.com/oauth2/v3/token [omitted]
[debug] [2025-10-06T01:21:39.670Z] >>> [apiv2][query] GET https://serviceusage.googleapis.com/v1/projects/space-bio-engine/services/ [none]
[debug] [2025-10-06T01:21:39.670Z] >>> [apiv2][(partial)header] GET https://serviceusage.googleapis.com/v1/projects/space-bio-engine/services/ x-goog-quota-user=projects/space-bio-engine
[debug] [2025-10-06T01:21:39.677Z] <<< [apiv2][status] POST https://www.googleapis.com/oauth2/v3/token 200
[debug] [2025-10-06T01:21:39.677Z] <<< [apiv2][body] POST https://www.googleapis.com/oauth2/v3/token [omitted]
[debug] [2025-10-06T01:21:39.698Z] >>> [apiv2][query] GET https://serviceusage.googleapis.com/v1/projects/space-bio-engine/services/firebasecrashlytics.googleapis.com [none]
[debug] [2025-10-06T01:21:39.698Z] >>> [apiv2][(partial)header] GET https://serviceusage.googleapis.com/v1/projects/space-bio-engine/services/firebasecrashlytics.googleapis.com x-goog-quota-user=projects/space-bio-engine
[debug] [2025-10-06T01:21:39.732Z] <<< [apiv2][status] POST https://www.googleapis.com/oauth2/v3/token 200
[debug] [2025-10-06T01:21:39.735Z] <<< [apiv2][body] POST https://www.googleapis.com/oauth2/v3/token [omitted]
[debug] [2025-10-06T01:21:39.763Z] >>> [apiv2][query] GET https://serviceusage.googleapis.com/v1/projects/space-bio-engine/services/firestore.googleapis.com [none]
[debug] [2025-10-06T01:21:39.763Z] >>> [apiv2][(partial)header] GET https://serviceusage.googleapis.com/v1/projects/space-bio-engine/services/firestore.googleapis.com x-goog-quota-user=projects/space-bio-engine
[debug] [2025-10-06T01:21:39.766Z] <<< [apiv2][status] POST https://www.googleapis.com/oauth2/v3/token 200
[debug] [2025-10-06T01:21:39.766Z] <<< [apiv2][body] POST https://www.googleapis.com/oauth2/v3/token [omitted]
[debug] [2025-10-06T01:21:39.786Z] >>> [apiv2][query] GET https://serviceusage.googleapis.com/v1/projects/space-bio-engine/services/firebasedataconnect.googleapis.com [none]
[debug] [2025-10-06T01:21:39.787Z] >>> [apiv2][(partial)header] GET https://serviceusage.googleapis.com/v1/projects/space-bio-engine/services/firebasedataconnect.googleapis.com x-goog-quota-user=projects/space-bio-engine
[debug] [2025-10-06T01:21:39.824Z] <<< [apiv2][status] POST https://www.googleapis.com/oauth2/v3/token 200
[debug] [2025-10-06T01:21:39.824Z] <<< [apiv2][body] POST https://www.googleapis.com/oauth2/v3/token [omitted]
[debug] [2025-10-06T01:21:39.848Z] >>> [apiv2][query] GET https://serviceusage.googleapis.com/v1/projects/space-bio-engine/services/firebasecrashlytics.googleapis.com [none]
[debug] [2025-10-06T01:21:39.848Z] >>> [apiv2][(partial)header] GET https://serviceusage.googleapis.com/v1/projects/space-bio-engine/services/firebasecrashlytics.googleapis.com x-goog-quota-user=projects/space-bio-engine
[debug] [2025-10-06T01:21:39.851Z] <<< [apiv2][status] POST https://www.googleapis.com/oauth2/v3/token 200
[debug] [2025-10-06T01:21:39.851Z] <<< [apiv2][body] POST https://www.googleapis.com/oauth2/v3/token [omitted]
[debug] [2025-10-06T01:21:39.865Z] >>> [apiv2][query] GET https://serviceusage.googleapis.com/v1/projects/space-bio-engine/services/firebaseapphosting.googleapis.com [none]
[debug] [2025-10-06T01:21:39.865Z] >>> [apiv2][(partial)header] GET https://serviceusage.googleapis.com/v1/projects/space-bio-engine/services/firebaseapphosting.googleapis.com x-goog-quota-user=projects/space-bio-engine
[debug] [2025-10-06T01:21:39.873Z] <<< [apiv2][status] POST https://www.googleapis.com/oauth2/v3/token 200
[debug] [2025-10-06T01:21:39.874Z] <<< [apiv2][body] POST https://www.googleapis.com/oauth2/v3/token [omitted]
[debug] [2025-10-06T01:21:39.897Z] >>> [apiv2][query] GET https://serviceusage.googleapis.com/v1/projects/space-bio-engine/services/ [none]
[debug] [2025-10-06T01:21:39.897Z] >>> [apiv2][(partial)header] GET https://serviceusage.googleapis.com/v1/projects/space-bio-engine/services/ x-goog-quota-user=projects/space-bio-engine
[debug] [2025-10-06T01:21:39.899Z] <<< [apiv2][status] POST https://www.googleapis.com/oauth2/v3/token 200
[debug] [2025-10-06T01:21:39.899Z] <<< [apiv2][body] POST https://www.googleapis.com/oauth2/v3/token [omitted]
[debug] [2025-10-06T01:21:39.918Z] >>> [apiv2][query] GET https://serviceusage.googleapis.com/v1/projects/space-bio-engine/services/firebaseapphosting.googleapis.com [none]
[debug] [2025-10-06T01:21:39.918Z] >>> [apiv2][(partial)header] GET https://serviceusage.googleapis.com/v1/projects/space-bio-engine/services/firebaseapphosting.googleapis.com x-goog-quota-user=projects/space-bio-engine
[debug] [2025-10-06T01:21:39.922Z] <<< [apiv2][status] POST https://www.googleapis.com/oauth2/v3/token 200
[debug] [2025-10-06T01:21:39.922Z] <<< [apiv2][body] POST https://www.googleapis.com/oauth2/v3/token [omitted]
[debug] [2025-10-06T01:21:39.943Z] >>> [apiv2][query] GET https://serviceusage.googleapis.com/v1/projects/space-bio-engine/services/firestore.googleapis.com [none]
[debug] [2025-10-06T01:21:39.944Z] >>> [apiv2][(partial)header] GET https://serviceusage.googleapis.com/v1/projects/space-bio-engine/services/firestore.googleapis.com x-goog-quota-user=projects/space-bio-engine
[debug] [2025-10-06T01:21:39.971Z] <<< [apiv2][status] POST https://www.googleapis.com/oauth2/v3/token 200
[debug] [2025-10-06T01:21:39.971Z] <<< [apiv2][body] POST https://www.googleapis.com/oauth2/v3/token [omitted]
[debug] [2025-10-06T01:21:39.994Z] >>> [apiv2][query] GET https://serviceusage.googleapis.com/v1/projects/space-bio-engine/services/cloudfunctions.googleapis.com [none]
[debug] [2025-10-06T01:21:39.994Z] >>> [apiv2][(partial)header] GET https://serviceusage.googleapis.com/v1/projects/space-bio-engine/services/cloudfunctions.googleapis.com x-goog-quota-user=projects/space-bio-engine
[debug] [2025-10-06T01:21:39.998Z] <<< [apiv2][status] POST https://www.googleapis.com/oauth2/v3/token 200
[debug] [2025-10-06T01:21:39.998Z] <<< [apiv2][body] POST https://www.googleapis.com/oauth2/v3/token [omitted]
[debug] [2025-10-06T01:21:40.017Z] >>> [apiv2][query] GET https://serviceusage.googleapis.com/v1/projects/space-bio-engine/services/firebaseio.com [none]
[debug] [2025-10-06T01:21:40.017Z] >>> [apiv2][(partial)header] GET https://serviceusage.googleapis.com/v1/projects/space-bio-engine/services/firebaseio.com x-goog-quota-user=projects/space-bio-engine
[debug] [2025-10-06T01:21:40.026Z] <<< [apiv2][status] POST https://www.googleapis.com/oauth2/v3/token 200
[debug] [2025-10-06T01:21:40.029Z] <<< [apiv2][body] POST https://www.googleapis.com/oauth2/v3/token [omitted]
[debug] [2025-10-06T01:21:40.050Z] >>> [apiv2][query] GET https://serviceusage.googleapis.com/v1/projects/space-bio-engine/services/cloudfunctions.googleapis.com [none]
[debug] [2025-10-06T01:21:40.050Z] >>> [apiv2][(partial)header] GET https://serviceusage.googleapis.com/v1/projects/space-bio-engine/services/cloudfunctions.googleapis.com x-goog-quota-user=projects/space-bio-engine
[debug] [2025-10-06T01:21:40.081Z] <<< [apiv2][status] POST https://www.googleapis.com/oauth2/v3/token 200
[debug] [2025-10-06T01:21:40.081Z] <<< [apiv2][body] POST https://www.googleapis.com/oauth2/v3/token [omitted]
[debug] [2025-10-06T01:21:40.108Z] >>> [apiv2][query] GET https://serviceusage.googleapis.com/v1/projects/space-bio-engine/services/firebasedataconnect.googleapis.com [none]
[debug] [2025-10-06T01:21:40.108Z] >>> [apiv2][(partial)header] GET https://serviceusage.googleapis.com/v1/projects/space-bio-engine/services/firebasedataconnect.googleapis.com x-goog-quota-user=projects/space-bio-engine
[debug] [2025-10-06T01:21:40.135Z] <<< [apiv2][status] POST https://www.googleapis.com/oauth2/v3/token 200
[debug] [2025-10-06T01:21:40.135Z] <<< [apiv2][body] POST https://www.googleapis.com/oauth2/v3/token [omitted]
[debug] [2025-10-06T01:21:40.167Z] >>> [apiv2][query] GET https://serviceusage.googleapis.com/v1/projects/space-bio-engine/services/firebaseio.com [none]
[debug] [2025-10-06T01:21:40.168Z] >>> [apiv2][(partial)header] GET https://serviceusage.googleapis.com/v1/projects/space-bio-engine/services/firebaseio.com x-goog-quota-user=projects/space-bio-engine
[debug] [2025-10-06T01:21:40.188Z] <<< [apiv2][status] GET https://serviceusage.googleapis.com/v1/projects/space-bio-engine/services/firestore.googleapis.com 200
[debug] [2025-10-06T01:21:40.188Z] <<< [apiv2][body] GET https://serviceusage.googleapis.com/v1/projects/space-bio-engine/services/firestore.googleapis.com [omitted]
[debug] [2025-10-06T01:21:40.192Z] <<< [apiv2][status] GET https://serviceusage.googleapis.com/v1/projects/space-bio-engine/services/firebasecrashlytics.googleapis.com 200
[debug] [2025-10-06T01:21:40.192Z] <<< [apiv2][body] GET https://serviceusage.googleapis.com/v1/projects/space-bio-engine/services/firebasecrashlytics.googleapis.com [omitted]
[debug] [2025-10-06T01:21:40.217Z] <<< [apiv2][status] GET https://serviceusage.googleapis.com/v1/projects/space-bio-engine/services/firebasecrashlytics.googleapis.com 200
[debug] [2025-10-06T01:21:40.217Z] <<< [apiv2][body] GET https://serviceusage.googleapis.com/v1/projects/space-bio-engine/services/firebasecrashlytics.googleapis.com [omitted]
[debug] [2025-10-06T01:21:40.225Z] <<< [apiv2][status] GET https://serviceusage.googleapis.com/v1/projects/space-bio-engine/services/firebasedataconnect.googleapis.com 200
[debug] [2025-10-06T01:21:40.227Z] <<< [apiv2][body] GET https://serviceusage.googleapis.com/v1/projects/space-bio-engine/services/firebasedataconnect.googleapis.com [omitted]
[debug] [2025-10-06T01:21:40.237Z] <<< [apiv2][status] GET https://serviceusage.googleapis.com/v1/projects/space-bio-engine/services/firebaseapphosting.googleapis.com 200
[debug] [2025-10-06T01:21:40.240Z] <<< [apiv2][body] GET https://serviceusage.googleapis.com/v1/projects/space-bio-engine/services/firebaseapphosting.googleapis.com [omitted]
[debug] [2025-10-06T01:21:40.284Z] <<< [apiv2][status] GET https://serviceusage.googleapis.com/v1/projects/space-bio-engine/services/firebaseio.com 403
[debug] [2025-10-06T01:21:40.292Z] <<< [apiv2][body] GET https://serviceusage.googleapis.com/v1/projects/space-bio-engine/services/firebaseio.com [omitted]
[debug] [2025-10-06T01:21:40.332Z] <<< [apiv2][status] GET https://serviceusage.googleapis.com/v1/projects/space-bio-engine/services/ 200
[debug] [2025-10-06T01:21:40.334Z] <<< [apiv2][body] GET https://serviceusage.googleapis.com/v1/projects/space-bio-engine/services/ [omitted]
[debug] [2025-10-06T01:21:40.353Z] <<< [apiv2][status] GET https://serviceusage.googleapis.com/v1/projects/space-bio-engine/services/cloudfunctions.googleapis.com 200
[debug] [2025-10-06T01:21:40.354Z] <<< [apiv2][body] GET https://serviceusage.googleapis.com/v1/projects/space-bio-engine/services/cloudfunctions.googleapis.com [omitted]
[debug] [2025-10-06T01:21:40.377Z] <<< [apiv2][status] GET https://serviceusage.googleapis.com/v1/projects/space-bio-engine/services/firebaseapphosting.googleapis.com 200
[debug] [2025-10-06T01:21:40.378Z] <<< [apiv2][body] GET https://serviceusage.googleapis.com/v1/projects/space-bio-engine/services/firebaseapphosting.googleapis.com [omitted]
[debug] [2025-10-06T01:21:40.384Z] <<< [apiv2][status] GET https://serviceusage.googleapis.com/v1/projects/space-bio-engine/services/firebaseio.com 403
[debug] [2025-10-06T01:21:40.384Z] <<< [apiv2][body] GET https://serviceusage.googleapis.com/v1/projects/space-bio-engine/services/firebaseio.com [omitted]
[debug] [2025-10-06T01:21:40.421Z] <<< [apiv2][status] GET https://serviceusage.googleapis.com/v1/projects/space-bio-engine/services/firebasedataconnect.googleapis.com 200
[debug] [2025-10-06T01:21:40.422Z] <<< [apiv2][body] GET https://serviceusage.googleapis.com/v1/projects/space-bio-engine/services/firebasedataconnect.googleapis.com [omitted]
[debug] [2025-10-06T01:21:40.430Z] <<< [apiv2][status] GET https://serviceusage.googleapis.com/v1/projects/space-bio-engine/services/firestore.googleapis.com 200
[debug] [2025-10-06T01:21:40.430Z] <<< [apiv2][body] GET https://serviceusage.googleapis.com/v1/projects/space-bio-engine/services/firestore.googleapis.com [omitted]
[debug] [2025-10-06T01:21:40.438Z] <<< [apiv2][status] GET https://serviceusage.googleapis.com/v1/projects/space-bio-engine/services/cloudfunctions.googleapis.com 200
[debug] [2025-10-06T01:21:40.439Z] <<< [apiv2][body] GET https://serviceusage.googleapis.com/v1/projects/space-bio-engine/services/cloudfunctions.googleapis.com [omitted]
[debug] [2025-10-06T01:21:40.460Z] <<< [apiv2][status] GET https://serviceusage.googleapis.com/v1/projects/space-bio-engine/services/ 200
[debug] [2025-10-06T01:21:40.461Z] <<< [apiv2][body] GET https://serviceusage.googleapis.com/v1/projects/space-bio-engine/services/ [omitted]
[error] Failed to fetch Firebase Project from Studio Workspace because WORKSPACE_SLUG environment variable is empty
[error] Failed to fetch Firebase Project from Studio Workspace because WORKSPACE_SLUG environment variable is empty
[debug] [2025-10-06T01:21:40.479Z] > command requires scopes: ["email","openid","https://www.googleapis.com/auth/cloudplatformprojects.readonly","https://www.googleapis.com/auth/firebase","https://www.googleapis.com/auth/cloud-platform","https://www.googleapis.com/auth/userinfo.email"]
[debug] [2025-10-06T01:21:40.480Z] > authorizing via signed-in user (tanishkaghosh1122@gmail.com)
[error] Failed to fetch Firebase Project from Studio Workspace because WORKSPACE_SLUG environment variable is empty
[error] Failed to fetch Firebase Project from Studio Workspace because WORKSPACE_SLUG environment variable is empty
[debug] [2025-10-06T01:26:33.233Z] Checked if tokens are valid: true, expires at: 1759717299138
[debug] [2025-10-06T01:26:33.233Z] Checked if tokens are valid: true, expires at: 1759717299138
[debug] [2025-10-06T01:26:33.239Z] Checked if tokens are valid: true, expires at: 1759717299138
[debug] [2025-10-06T01:26:33.239Z] Checked if tokens are valid: true, expires at: 1759717299138
[debug] [2025-10-06T01:26:33.241Z] Checked if tokens are valid: true, expires at: 1759717299138
[debug] [2025-10-06T01:26:33.242Z] Checked if tokens are valid: true, expires at: 1759717299138
[debug] [2025-10-06T01:26:33.244Z] Checked if tokens are valid: true, expires at: 1759717299138
[debug] [2025-10-06T01:26:33.244Z] Checked if tokens are valid: true, expires at: 1759717299138
[debug] [2025-10-06T01:26:33.246Z] Checked if tokens are valid: true, expires at: 1759717299138
[debug] [2025-10-06T01:26:33.246Z] Checked if tokens are valid: true, expires at: 1759717299138
[debug] [2025-10-06T01:26:33.247Z] Checked if tokens are valid: true, expires at: 1759717299138
[debug] [2025-10-06T01:26:33.247Z] Checked if tokens are valid: true, expires at: 1759717299138
[debug] [2025-10-06T01:26:33.248Z] Checked if tokens are valid: true, expires at: 1759717299138
[debug] [2025-10-06T01:26:33.249Z] Checked if tokens are valid: true, expires at: 1759717299138
[debug] [2025-10-06T01:26:33.251Z] >>> [apiv2][query] GET https://serviceusage.googleapis.com/v1/projects/space-bio-engine/services/ [none]
[debug] [2025-10-06T01:26:33.251Z] >>> [apiv2][(partial)header] GET https://serviceusage.googleapis.com/v1/projects/space-bio-engine/services/ x-goog-quota-user=projects/space-bio-engine
[debug] [2025-10-06T01:26:33.353Z] >>> [apiv2][query] GET https://serviceusage.googleapis.com/v1/projects/space-bio-engine/services/firestore.googleapis.com [none]
[debug] [2025-10-06T01:26:33.353Z] >>> [apiv2][(partial)header] GET https://serviceusage.googleapis.com/v1/projects/space-bio-engine/services/firestore.googleapis.com x-goog-quota-user=projects/space-bio-engine
[debug] [2025-10-06T01:26:33.357Z] >>> [apiv2][query] GET https://serviceusage.googleapis.com/v1/projects/space-bio-engine/services/firebasedataconnect.googleapis.com [none]
[debug] [2025-10-06T01:26:33.357Z] >>> [apiv2][(partial)header] GET https://serviceusage.googleapis.com/v1/projects/space-bio-engine/services/firebasedataconnect.googleapis.com x-goog-quota-user=projects/space-bio-engine
[debug] [2025-10-06T01:26:33.362Z] >>> [apiv2][query] GET https://serviceusage.googleapis.com/v1/projects/space-bio-engine/services/cloudfunctions.googleapis.com [none]
[debug] [2025-10-06T01:26:33.363Z] >>> [apiv2][(partial)header] GET https://serviceusage.googleapis.com/v1/projects/space-bio-engine/services/cloudfunctions.googleapis.com x-goog-quota-user=projects/space-bio-engine
[debug] [2025-10-06T01:26:33.367Z] >>> [apiv2][query] GET https://serviceusage.googleapis.com/v1/projects/space-bio-engine/services/firebasecrashlytics.googleapis.com [none]
[debug] [2025-10-06T01:26:33.368Z] >>> [apiv2][(partial)header] GET https://serviceusage.googleapis.com/v1/projects/space-bio-engine/services/firebasecrashlytics.googleapis.com x-goog-quota-user=projects/space-bio-engine
[debug] [2025-10-06T01:26:33.378Z] >>> [apiv2][query] GET https://serviceusage.googleapis.com/v1/projects/space-bio-engine/services/firebaseapphosting.googleapis.com [none]
[debug] [2025-10-06T01:26:33.378Z] >>> [apiv2][(partial)header] GET https://serviceusage.googleapis.com/v1/projects/space-bio-engine/services/firebaseapphosting.googleapis.com x-goog-quota-user=projects/space-bio-engine
[debug] [2025-10-06T01:26:33.386Z] >>> [apiv2][query] GET https://serviceusage.googleapis.com/v1/projects/space-bio-engine/services/firebaseio.com [none]
[debug] [2025-10-06T01:26:33.386Z] >>> [apiv2][(partial)header] GET https://serviceusage.googleapis.com/v1/projects/space-bio-engine/services/firebaseio.com x-goog-quota-user=projects/space-bio-engine
[error] Failed to fetch Firebase Project from Studio Workspace because WORKSPACE_SLUG environment variable is empty
[error] Failed to fetch Firebase Project from Studio Workspace because WORKSPACE_SLUG environment variable is empty
[debug] [2025-10-06T01:26:33.598Z] Checked if tokens are valid: true, expires at: 1759717299138
[debug] [2025-10-06T01:26:33.598Z] Checked if tokens are valid: true, expires at: 1759717299138
[debug] [2025-10-06T01:26:33.599Z] Checked if tokens are valid: true, expires at: 1759717299138
[debug] [2025-10-06T01:26:33.599Z] Checked if tokens are valid: true, expires at: 1759717299138
[debug] [2025-10-06T01:26:33.600Z] Checked if tokens are valid: true, expires at: 1759717299138
[debug] [2025-10-06T01:26:33.600Z] Checked if tokens are valid: true, expires at: 1759717299138
[debug] [2025-10-06T01:26:33.602Z] Checked if tokens are valid: true, expires at: 1759717299138
[debug] [2025-10-06T01:26:33.602Z] Checked if tokens are valid: true, expires at: 1759717299138
[debug] [2025-10-06T01:26:33.603Z] Checked if tokens are valid: true, expires at: 1759717299138
[debug] [2025-10-06T01:26:33.603Z] Checked if tokens are valid: true, expires at: 1759717299138
[debug] [2025-10-06T01:26:33.604Z] Checked if tokens are valid: true, expires at: 1759717299138
[debug] [2025-10-06T01:26:33.604Z] Checked if tokens are valid: true, expires at: 1759717299138
[debug] [2025-10-06T01:26:33.604Z] Checked if tokens are valid: true, expires at: 1759717299138
[debug] [2025-10-06T01:26:33.604Z] Checked if tokens are valid: true, expires at: 1759717299138
[debug] [2025-10-06T01:26:33.605Z] >>> [apiv2][query] GET https://serviceusage.googleapis.com/v1/projects/space-bio-engine/services/ [none]
[debug] [2025-10-06T01:26:33.605Z] >>> [apiv2][(partial)header] GET https://serviceusage.googleapis.com/v1/projects/space-bio-engine/services/ x-goog-quota-user=projects/space-bio-engine
[debug] [2025-10-06T01:26:33.612Z] >>> [apiv2][query] GET https://serviceusage.googleapis.com/v1/projects/space-bio-engine/services/firestore.googleapis.com [none]
[debug] [2025-10-06T01:26:33.612Z] >>> [apiv2][(partial)header] GET https://serviceusage.googleapis.com/v1/projects/space-bio-engine/services/firestore.googleapis.com x-goog-quota-user=projects/space-bio-engine
[debug] [2025-10-06T01:26:33.621Z] >>> [apiv2][query] GET https://serviceusage.googleapis.com/v1/projects/space-bio-engine/services/firebasedataconnect.googleapis.com [none]
[debug] [2025-10-06T01:26:33.621Z] >>> [apiv2][(partial)header] GET https://serviceusage.googleapis.com/v1/projects/space-bio-engine/services/firebasedataconnect.googleapis.com x-goog-quota-user=projects/space-bio-engine
[debug] [2025-10-06T01:26:33.635Z] >>> [apiv2][query] GET https://serviceusage.googleapis.com/v1/projects/space-bio-engine/services/cloudfunctions.googleapis.com [none]
[debug] [2025-10-06T01:26:33.635Z] >>> [apiv2][(partial)header] GET https://serviceusage.googleapis.com/v1/projects/space-bio-engine/services/cloudfunctions.googleapis.com x-goog-quota-user=projects/space-bio-engine
[debug] [2025-10-06T01:26:33.646Z] >>> [apiv2][query] GET https://serviceusage.googleapis.com/v1/projects/space-bio-engine/services/firebasecrashlytics.googleapis.com [none]
[debug] [2025-10-06T01:26:33.646Z] >>> [apiv2][(partial)header] GET https://serviceusage.googleapis.com/v1/projects/space-bio-engine/services/firebasecrashlytics.googleapis.com x-goog-quota-user=projects/space-bio-engine
[debug] [2025-10-06T01:26:33.656Z] >>> [apiv2][query] GET https://serviceusage.googleapis.com/v1/projects/space-bio-engine/services/firebaseapphosting.googleapis.com [none]
[debug] [2025-10-06T01:26:33.656Z] >>> [apiv2][(partial)header] GET https://serviceusage.googleapis.com/v1/projects/space-bio-engine/services/firebaseapphosting.googleapis.com x-goog-quota-user=projects/space-bio-engine
[debug] [2025-10-06T01:26:33.671Z] >>> [apiv2][query] GET https://serviceusage.googleapis.com/v1/projects/space-bio-engine/services/firebaseio.com [none]
[debug] [2025-10-06T01:26:33.671Z] >>> [apiv2][(partial)header] GET https://serviceusage.googleapis.com/v1/projects/space-bio-engine/services/firebaseio.com x-goog-quota-user=projects/space-bio-engine
[debug] [2025-10-06T01:26:33.985Z] <<< [apiv2][status] GET https://serviceusage.googleapis.com/v1/projects/space-bio-engine/services/firebasedataconnect.googleapis.com 200
[debug] [2025-10-06T01:26:33.990Z] <<< [apiv2][body] GET https://serviceusage.googleapis.com/v1/projects/space-bio-engine/services/firebasedataconnect.googleapis.com [omitted]
[debug] [2025-10-06T01:26:34.090Z] <<< [apiv2][status] GET https://serviceusage.googleapis.com/v1/projects/space-bio-engine/services/firestore.googleapis.com 200
[debug] [2025-10-06T01:26:34.090Z] <<< [apiv2][body] GET https://serviceusage.googleapis.com/v1/projects/space-bio-engine/services/firestore.googleapis.com [omitted]
[debug] [2025-10-06T01:26:34.132Z] <<< [apiv2][status] GET https://serviceusage.googleapis.com/v1/projects/space-bio-engine/services/cloudfunctions.googleapis.com 200
[debug] [2025-10-06T01:26:34.135Z] <<< [apiv2][body] GET https://serviceusage.googleapis.com/v1/projects/space-bio-engine/services/cloudfunctions.googleapis.com [omitted]
[debug] [2025-10-06T01:26:34.160Z] <<< [apiv2][status] GET https://serviceusage.googleapis.com/v1/projects/space-bio-engine/services/firebaseio.com 403
[debug] [2025-10-06T01:26:34.161Z] <<< [apiv2][body] GET https://serviceusage.googleapis.com/v1/projects/space-bio-engine/services/firebaseio.com [omitted]
[debug] [2025-10-06T01:26:34.197Z] <<< [apiv2][status] GET https://serviceusage.googleapis.com/v1/projects/space-bio-engine/services/firebasecrashlytics.googleapis.com 200
[debug] [2025-10-06T01:26:34.199Z] <<< [apiv2][body] GET https://serviceusage.googleapis.com/v1/projects/space-bio-engine/services/firebasecrashlytics.googleapis.com [omitted]
[debug] [2025-10-06T01:26:34.206Z] <<< [apiv2][status] GET https://serviceusage.googleapis.com/v1/projects/space-bio-engine/services/firebaseapphosting.googleapis.com 200
[debug] [2025-10-06T01:26:34.206Z] <<< [apiv2][body] GET https://serviceusage.googleapis.com/v1/projects/space-bio-engine/services/firebaseapphosting.googleapis.com [omitted]
[debug] [2025-10-06T01:26:34.242Z] <<< [apiv2][status] GET https://serviceusage.googleapis.com/v1/projects/space-bio-engine/services/ 200
[debug] [2025-10-06T01:26:34.243Z] <<< [apiv2][body] GET https://serviceusage.googleapis.com/v1/projects/space-bio-engine/services/ [omitted]
[debug] [2025-10-06T01:26:34.254Z] <<< [apiv2][status] GET https://serviceusage.googleapis.com/v1/projects/space-bio-engine/services/firebasecrashlytics.googleapis.com 200
[debug] [2025-10-06T01:26:34.254Z] <<< [apiv2][body] GET https://serviceusage.googleapis.com/v1/projects/space-bio-engine/services/firebasecrashlytics.googleapis.com [omitted]
[debug] [2025-10-06T01:26:34.259Z] <<< [apiv2][status] GET https://serviceusage.googleapis.com/v1/projects/space-bio-engine/services/firebaseio.com 403
[debug] [2025-10-06T01:26:34.260Z] <<< [apiv2][body] GET https://serviceusage.googleapis.com/v1/projects/space-bio-engine/services/firebaseio.com [omitted]
[debug] [2025-10-06T01:26:34.274Z] <<< [apiv2][status] GET https://serviceusage.googleapis.com/v1/projects/space-bio-engine/services/firebaseapphosting.googleapis.com 200
[debug] [2025-10-06T01:26:34.274Z] <<< [apiv2][body] GET https://serviceusage.googleapis.com/v1/projects/space-bio-engine/services/firebaseapphosting.googleapis.com [omitted]
[debug] [2025-10-06T01:26:34.285Z] <<< [apiv2][status] GET https://serviceusage.googleapis.com/v1/projects/space-bio-engine/services/cloudfunctions.googleapis.com 200
[debug] [2025-10-06T01:26:34.286Z] <<< [apiv2][body] GET https://serviceusage.googleapis.com/v1/projects/space-bio-engine/services/cloudfunctions.googleapis.com [omitted]
[debug] [2025-10-06T01:26:34.299Z] <<< [apiv2][status] GET https://serviceusage.googleapis.com/v1/projects/space-bio-engine/services/firebasedataconnect.googleapis.com 200
[debug] [2025-10-06T01:26:34.300Z] <<< [apiv2][body] GET https://serviceusage.googleapis.com/v1/projects/space-bio-engine/services/firebasedataconnect.googleapis.com [omitted]
[debug] [2025-10-06T01:26:34.308Z] <<< [apiv2][status] GET https://serviceusage.googleapis.com/v1/projects/space-bio-engine/services/firestore.googleapis.com 200
[debug] [2025-10-06T01:26:34.308Z] <<< [apiv2][body] GET https://serviceusage.googleapis.com/v1/projects/space-bio-engine/services/firestore.googleapis.com [omitted]
[debug] [2025-10-06T01:26:34.341Z] <<< [apiv2][status] GET https://serviceusage.googleapis.com/v1/projects/space-bio-engine/services/ 200
[debug] [2025-10-06T01:26:34.345Z] <<< [apiv2][body] GET https://serviceusage.googleapis.com/v1/projects/space-bio-engine/services/ [omitted]
[error] Failed to fetch Firebase Project from Studio Workspace because WORKSPACE_SLUG environment variable is empty
[error] Failed to fetch Firebase Project from Studio Workspace because WORKSPACE_SLUG environment variable is empty
[debug] [2025-10-06T01:26:34.371Z] > command requires scopes: ["email","openid","https://www.googleapis.com/auth/cloudplatformprojects.readonly","https://www.googleapis.com/auth/firebase","https://www.googleapis.com/auth/cloud-platform","https://www.googleapis.com/auth/userinfo.email"]
[debug] [2025-10-06T01:26:34.374Z] > authorizing via signed-in user (tanishkaghosh1122@gmail.com)
[error] Failed to fetch Firebase Project from Studio Workspace because WORKSPACE_SLUG environment variable is empty
[error] Failed to fetch Firebase Project from Studio Workspace because WORKSPACE_SLUG environment variable is empty
[debug] [2025-10-06T01:26:34.439Z] > command requires scopes: ["email","openid","https://www.googleapis.com/auth/cloudplatformprojects.readonly","https://www.googleapis.com/auth/firebase","https://www.googleapis.com/auth/cloud-platform","https://www.googleapis.com/auth/userinfo.email"]
[debug] [2025-10-06T01:26:34.439Z] > authorizing via signed-in user (tanishkaghosh1122@gmail.com)
[error] Failed to fetch Firebase Project from Studio Workspace because WORKSPACE_SLUG environment variable is empty
[error] Failed to fetch Firebase Project from Studio Workspace because WORKSPACE_SLUG environment variable is empty
[debug] [2025-10-06T01:26:34.459Z] > command requires scopes: ["email","openid","https://www.googleapis.com/auth/cloudplatformprojects.readonly","https://www.googleapis.com/auth/firebase","https://www.googleapis.com/auth/cloud-platform","https://www.googleapis.com/auth/userinfo.email"]
[debug] [2025-10-06T01:26:34.460Z] > authorizing via signed-in user (tanishkaghosh1122@gmail.com)
